-----------------------------------------------------------------------
      name:  <unnamed>
       log:  C:/Users/btje4229/Desktop/git/MahindiMaster/dataWork/gameP
> lay/documentation/mm_gamePlay.log
  log type:  text
 opened on:  25 May 2020, 16:04:05

.                 
. * Compact codebook
.     codebook, compact

Variable       Obs Unique      Mean       Min       Max  Label
-----------------------------------------------------------------------
villageid     2164     19  67.66359        25       105  Village ID
hhid          2164    179  1310.442       428      2333  Household ID
level_game    2164     20  5.701017         0        19  Game round
starttime_~e  2164   2164  586.4451   16.1022  6244.271  
finishtime~e  2164   2164  650.1852  47.87381  6289.255  
dap_game      2164      6  32.49769         0       125  DAP (kg)
can_game      2164      6  25.58919         0       125  CAN (kg)
lime_game     2164      9  123.8447         0      2000  Lime (kg)
rain_game     2164      3  2.264325         1         3  Rainfall Sc...
yield_game    2164   1261  1341.059     112.2  7857.596  Yield (kg)
acreage_game  2164     38  4.225855         0        30  
scaled_game   2164      2  .0873383         0         1  
finallevel~e  1547      2  .1085973         0         1  Final Selec...
-----------------------------------------------------------------------

. 
. * More details
.     codebook,       mv

-----------------------------------------------------------------------
villageid                                                    Village ID
-----------------------------------------------------------------------

                  type:  numeric (int)

                 range:  [25,105]                     units:  1
         unique values:  19                       missing .:  0/2,164

                  mean:   67.6636
              std. dev:   25.3557

           percentiles:        10%       25%       50%       75%       
> 90%
                                32        51        74        87       
> 103

-----------------------------------------------------------------------
hhid                                                       Household ID
-----------------------------------------------------------------------

                  type:  numeric (int)

                 range:  [428,2333]                   units:  1
         unique values:  179                      missing .:  0/2,164

                  mean:   1310.44
              std. dev:   532.884

           percentiles:        10%       25%       50%       75%       
> 90%
                               556       939      1358      1632      1
> 946

-----------------------------------------------------------------------
level_game                                                   Game round
-----------------------------------------------------------------------

                  type:  numeric (byte)

                 range:  [0,19]                       units:  1
         unique values:  20                       missing .:  0/2,164

                  mean:   5.70102
              std. dev:   3.98016

           percentiles:        10%       25%       50%       75%       
> 90%
                                 1         2         5       8.5       
>  11

-----------------------------------------------------------------------
starttime_game                                              (unlabeled)
-----------------------------------------------------------------------

                  type:  numeric (float)

                 range:  [16.1022,6244.271]           units:  .00001
         unique values:  2,164                    missing .:  0/2,164

                  mean:   586.445
              std. dev:   476.023

           percentiles:        10%       25%       50%       75%       
> 90%
                            190.87   326.844   510.913   726.436   999.
> 262

-----------------------------------------------------------------------
finishtime_game                                             (unlabeled)
-----------------------------------------------------------------------

                  type:  numeric (float)

                 range:  [47.87381,6289.2549]         units:  .00001
         unique values:  2,164                    missing .:  0/2,164

                  mean:   650.185
              std. dev:     480.1

           percentiles:        10%       25%       50%       75%       
> 90%
                           263.196   387.169   565.111   786.465   1064
> .62

-----------------------------------------------------------------------
dap_game                                                       DAP (kg)
-----------------------------------------------------------------------

                  type:  numeric (int)

                 range:  [0,125]                      units:  1
         unique values:  6                        missing .:  0/2,164

            tabulation:  Freq.  Value
                           561  0
                           770  25
                           585  50
                           141  75
                            85  100
                            22  125

-----------------------------------------------------------------------
can_game                                                       CAN (kg)
-----------------------------------------------------------------------

                  type:  numeric (int)

                 range:  [0,125]                      units:  1
         unique values:  6                        missing .:  0/2,164

            tabulation:  Freq.  Value
                           929  0
                           612  25
                           392  50
                           132  75
                            72  100
                            27  125

-----------------------------------------------------------------------
lime_game                                                     Lime (kg)
-----------------------------------------------------------------------

                  type:  numeric (int)

                 range:  [0,2000]                     units:  10
         unique values:  9                        missing .:  0/2,164

            tabulation:  Freq.  Value
                         1,512  0
                           404  250
                           172  500
                            32  750
                            25  1000
                             4  1250
                             5  1500
                             2  1750
                             8  2000

-----------------------------------------------------------------------
rain_game                       Rainfall Scenario: 1=poor, 2=ok, 3=good
-----------------------------------------------------------------------

                  type:  numeric (byte)

                 range:  [1,3]                        units:  1
         unique values:  3                        missing .:  0/2,164

            tabulation:  Freq.  Value
                           415  1
                           762  2
                           987  3

-----------------------------------------------------------------------
yield_game                                                   Yield (kg)
-----------------------------------------------------------------------

                  type:  numeric (float)

                 range:  [112.2,7857.5962]            units:  .0001
         unique values:  1,261                    missing .:  0/2,164

                  mean:   1341.06
              std. dev:   864.922

           percentiles:        10%       25%       50%       75%       
> 90%
                               381     538.5    1302.4    1931.5      2
> 517

-----------------------------------------------------------------------
acreage_game                                                (unlabeled)
-----------------------------------------------------------------------

                  type:  numeric (float)

                 range:  [0,30]                       units:  .01
         unique values:  38                       missing .:  0/2,164

                  mean:   4.22585
              std. dev:   5.00535

           percentiles:        10%       25%       50%       75%       
> 90%
                                 0         0         3         6       
>  10

-----------------------------------------------------------------------
scaled_game                                                 (unlabeled)
-----------------------------------------------------------------------

                  type:  numeric (byte)

                 range:  [0,1]                        units:  1
         unique values:  2                        missing .:  0/2,164

            tabulation:  Freq.  Value
                         1,975  0
                           189  1

-----------------------------------------------------------------------
finallevel_game                                   Final Selection Round
-----------------------------------------------------------------------

                  type:  numeric (byte)

                 range:  [0,1]                        units:  1
         unique values:  2                        missing .:  617/2,164

            tabulation:  Freq.  Value
                         1,379  0
                           168  1
                           617  .

. 
. log close
      name:  <unnamed>
       log:  C:/Users/btje4229/Desktop/git/MahindiMaster/dataWork/gameP
> lay/documentation/mm_gamePlay.log
  log type:  text
 closed on:  25 May 2020, 16:04:05
-----------------------------------------------------------------------
