-----------------------------------------------------------------------
      name:  <unnamed>
       log:  C:/Users/btje4229/Desktop/git/MahindiMaster/dataWork/soil/
> documentation/mm_soilCodeBook.log
  log type:  text
 opened on:  25 May 2020, 16:04:02

.                 
. * Compact codebook
.     codebook, compact

Variable    Obs Unique      Mean   Min    Max  Label
-----------------------------------------------------------------------
hhid        200    200  1300.675   428   2333  Household ID
ph          200    145    6.4371  4.93   8.65  pH
ecsalts     200    110     78.82    11    375  EC (Salts)
phosphorus  200    188         .     .      .  Phosphorus
p           200    188   37.1206    .2    288  Phosphorous, numeric
potassium   200    168   534.294  84.9   1660  Potassium
calcium     200    175   3019.27   391  10700  Calcium
magnesium   200    159   640.502  70.2   1640  Magnesium
manganese   200    146   234.038    59    498  Manganese
sulphur     200    173         .     .      .  Sulphur
s           200    173   7.04925    .5     17  Sulphur, numeric
copper      200    169   5.02255   .64   17.4  Copper
boron       200     69    .39619  .088   1.06  Boron
zinc        200    172   5.14365     1   36.5  Zinc
sodium      200    172    69.946  14.4    718  Sodium
iron        200    114    155.56  67.9    343  Iron
cec         200    166  25.41125  4.94   68.6  C.E.C
-----------------------------------------------------------------------

. 
. * More details
.     codebook,       mv

-----------------------------------------------------------------------
hhid                                                       Household ID
-----------------------------------------------------------------------

                  type:  numeric (int)

                 range:  [428,2333]                   units:  1
         unique values:  200                      missing .:  0/200

                  mean:   1300.67
              std. dev:   542.939

           percentiles:        10%       25%       50%       75%       
> 90%
                               507     937.5    1354.5      1630    194
> 6.5

-----------------------------------------------------------------------
ph                                                                   pH
-----------------------------------------------------------------------

                  type:  numeric (double)

                 range:  [4.93,8.65]                  units:  .01
         unique values:  145                      missing .:  0/200

                  mean:    6.4371
              std. dev:   .689985

           percentiles:        10%       25%       50%       75%       
> 90%
                              5.59     5.975     6.325     6.915     7.
> 365

-----------------------------------------------------------------------
ecsalts                                                      EC (Salts)
-----------------------------------------------------------------------

                  type:  numeric (int)

                 range:  [11,375]                     units:  1
         unique values:  110                      missing .:  0/200

                  mean:     78.82
              std. dev:    58.051

           percentiles:        10%       25%       50%       75%       
> 90%
                              23.5        32      62.5       116       
> 155

-----------------------------------------------------------------------
phosphorus                                                   Phosphorus
-----------------------------------------------------------------------

                  type:  string (str17)

         unique values:  188                      missing "":  0/200

              examples:  "14.4"
                         "22.3"
                         "4.02"
                         "68.3"

-----------------------------------------------------------------------
p                                                  Phosphorous, numeric
-----------------------------------------------------------------------

                  type:  numeric (double)

                 range:  [.2,288]                     units:  .01
         unique values:  188                      missing .:  0/200

                  mean:   37.1206
              std. dev:   49.3933

           percentiles:        10%       25%       50%       75%       
> 90%
                              3.57      7.19     17.55      51.2      9
> 8.2

-----------------------------------------------------------------------
potassium                                                     Potassium
-----------------------------------------------------------------------

                  type:  numeric (double)

                 range:  [84.9,1660]                  units:  .1
         unique values:  168                      missing .:  0/200

                  mean:   534.294
              std. dev:   400.045

           percentiles:        10%       25%       50%       75%       
> 90%
                               164     228.5       361     789.5      1
> 210

-----------------------------------------------------------------------
calcium                                                         Calcium
-----------------------------------------------------------------------

                  type:  numeric (int)

                 range:  [391,10700]                  units:  1
         unique values:  175                      missing .:  0/200

                  mean:   3019.27
              std. dev:   2182.71

           percentiles:        10%       25%       50%       75%       
> 90%
                               925      1275      1985      4600      6
> 185

-----------------------------------------------------------------------
magnesium                                                     Magnesium
-----------------------------------------------------------------------

                  type:  numeric (double)

                 range:  [70.2,1640]                  units:  .1
         unique values:  159                      missing .:  0/200

                  mean:   640.502
              std. dev:   501.241

           percentiles:        10%       25%       50%       75%       
> 90%
                             133.5       223       400      1110      1
> 425

-----------------------------------------------------------------------
manganese                                                     Manganese
-----------------------------------------------------------------------

                  type:  numeric (double)

                 range:  [59,498]                     units:  .1
         unique values:  146                      missing .:  0/200

                  mean:   234.038
              std. dev:   86.6898

           percentiles:        10%       25%       50%       75%       
> 90%
                               123       178     231.5     284.5       
> 355

-----------------------------------------------------------------------
sulphur                                                         Sulphur
-----------------------------------------------------------------------

                  type:  string (str17)

         unique values:  173                      missing "":  0/200

              examples:  "4.67"
                         "5.96"
                         "7.03"
                         "8.140000000000001"

-----------------------------------------------------------------------
s                                                      Sulphur, numeric
-----------------------------------------------------------------------

                  type:  numeric (double)

                 range:  [.5,17]                      units:  .01
         unique values:  173                      missing .:  0/200

                  mean:   7.04925
              std. dev:   2.35229

           percentiles:        10%       25%       50%       75%       
> 90%
                              4.38      5.68      6.89     8.345      9
> .83

-----------------------------------------------------------------------
copper                                                           Copper
-----------------------------------------------------------------------

                  type:  numeric (double)

                 range:  [.64,17.4]                   units:  .01
         unique values:  169                      missing .:  0/200

                  mean:   5.02255
              std. dev:   4.27518

           percentiles:        10%       25%       50%       75%       
> 90%
                              1.13      1.76      3.11     6.965      1
> 2.4

-----------------------------------------------------------------------
boron                                                             Boron
-----------------------------------------------------------------------

                  type:  numeric (double)

                 range:  [.088,1.06]                  units:  .001
         unique values:  69                       missing .:  0/200

                  mean:    .39619
              std. dev:    .21477

           percentiles:        10%       25%       50%       75%       
> 90%
                               .16       .23       .33      .535       
> .73

-----------------------------------------------------------------------
zinc                                                               Zinc
-----------------------------------------------------------------------

                  type:  numeric (double)

                 range:  [1,36.5]                     units:  .01
         unique values:  172                      missing .:  0/200

                  mean:   5.14365
              std. dev:   4.99869

           percentiles:        10%       25%       50%       75%       
> 90%
                              1.81     2.365     3.365         6     9.
> 925

-----------------------------------------------------------------------
sodium                                                           Sodium
-----------------------------------------------------------------------

                  type:  numeric (double)

                 range:  [14.4,718]                   units:  .1
         unique values:  172                      missing .:  0/200

                  mean:    69.946
              std. dev:   75.0456

           percentiles:        10%       25%       50%       75%       
> 90%
                             25.95     34.95     49.85     74.85       
> 113

-----------------------------------------------------------------------
iron                                                               Iron
-----------------------------------------------------------------------

                  type:  numeric (double)

                 range:  [67.9,343]                   units:  .1
         unique values:  114                      missing .:  0/200

                  mean:    155.56
              std. dev:   50.6215

           percentiles:        10%       25%       50%       75%       
> 90%
                               104       120     143.5       184     23
> 0.5

-----------------------------------------------------------------------
cec                                                               C.E.C
-----------------------------------------------------------------------

                  type:  numeric (double)

                 range:  [4.94,68.6]                  units:  .01
         unique values:  166                      missing .:  0/200

                  mean:   25.4112
              std. dev:   16.2456

           percentiles:        10%       25%       50%       75%       
> 90%
                             7.775      11.9     17.45      41.8      4
> 8.3

. 
. log close
      name:  <unnamed>
       log:  C:/Users/btje4229/Desktop/git/MahindiMaster/dataWork/soil/
> documentation/mm_soilCodeBook.log
  log type:  text
 closed on:  25 May 2020, 16:04:02
-----------------------------------------------------------------------
